<?xml version="1.0" encoding="UTF-8"?>
<!-- Generated by org.testng.reporters.JUnitReportReporter -->
<testsuite hostname="LAPTOP-8374LIJ1" name="Atest.Testlogin" tests="2" failures="0" timestamp="15 Jul 2023 12:33:07 GMT" time="153.025" errors="0">
  <testcase name="Verfiyupitest" time="72.725" classname="Atest.Testlogin"/>
  <testcase name="Verfiycardtest" time="80.300" classname="Atest.Testlogin"/>
</testsuite> <!-- Atest.Testlogin -->
